  [1m[36m (111.4ms)[0m  [1mCREATE TABLE "schema_migrations" ("version" varchar NOT NULL) [0m
  [1m[35m (0.1ms)[0m  select sqlite_version(*)
  [1m[36m (90.5ms)[0m  [1mCREATE UNIQUE INDEX "unique_schema_migrations" ON "schema_migrations" ("version")[0m
  [1m[35mActiveRecord::SchemaMigration Load (0.1ms)[0m  SELECT "schema_migrations".* FROM "schema_migrations"
Migrating to CreateMovies (20111119180638)
  [1m[36m (0.0ms)[0m  [1mbegin transaction[0m
DEPRECATION WARNING: `#timestamps` was called without specifying an option for `null`. In Rails 5, this behavior will change to `null: false`. You should manually specify `null: true` to prevent the behavior of your existing migrations from changing. (called from block in up at /home/codio/workspace/HoneyBunch/db/migrate/20111119180638_create_movies.rb:10)
  [1m[35m (0.2ms)[0m  CREATE TABLE "movies" ("id" INTEGER PRIMARY KEY AUTOINCREMENT NOT NULL, "title" varchar, "rating" varchar, "description" text, "release_date" datetime, "created_at" datetime, "updated_at" datetime) 
  [1m[36mSQL (0.1ms)[0m  [1mINSERT INTO "schema_migrations" ("version") VALUES (?)[0m  [["version", "20111119180638"]]
  [1m[35m (98.5ms)[0m  commit transaction
  [1m[36mActiveRecord::SchemaMigration Load (0.0ms)[0m  [1mSELECT "schema_migrations".* FROM "schema_migrations"[0m
  [1m[36m (97.2ms)[0m  [1mCREATE TABLE "movies" ("id" INTEGER PRIMARY KEY AUTOINCREMENT NOT NULL, "title" varchar, "rating" varchar, "description" text, "release_date" datetime, "created_at" datetime, "updated_at" datetime) [0m
  [1m[35m (122.3ms)[0m  CREATE TABLE "schema_migrations" ("version" varchar NOT NULL) 
  [1m[36m (0.1ms)[0m  [1mselect sqlite_version(*)[0m
  [1m[35m (95.6ms)[0m  CREATE UNIQUE INDEX "unique_schema_migrations" ON "schema_migrations" ("version")
  [1m[36m (0.1ms)[0m  [1mSELECT version FROM "schema_migrations"[0m
  [1m[35m (103.6ms)[0m  INSERT INTO "schema_migrations" (version) VALUES ('20111119180638')


Started GET "/" for 209.6.116.71 at 2021-03-13 06:42:53 +0000


Started GET "/movies" for 209.6.116.71 at 2021-03-13 06:42:54 +0000
Processing by MoviesController#index as HTML
  [1m[36mMovie Load (1.0ms)[0m  [1mSELECT "movies".* FROM "movies"[0m
  Rendered movies/index.html.erb within layouts/application (5.5ms)
  Rendered layouts/_flash.erb (0.4ms)
Completed 200 OK in 282ms (Views: 267.0ms | ActiveRecord: 1.0ms)


Started GET "/assets/jquery_ujs.self-e87806d0cf4489aeb1bb7288016024e8de67fd18db693fe026fe3907581e53cd.js?body=1" for 209.6.116.71 at 2021-03-13 06:42:54 +0000


Started GET "/assets/application.self-377610cd7c1509e934744c810e3b4cf672dfbcacac3274e7d039827e2ae0fcc7.js?body=1" for 209.6.116.71 at 2021-03-13 06:42:54 +0000


Started GET "/assets/jquery.self-660adc51e0224b731d29f575a6f1ec167ba08ad06ed5deca4f1e8654c135bf4c.js?body=1" for 209.6.116.71 at 2021-03-13 06:42:54 +0000


Started GET "/assets/application.self-e80e8f2318043e8af94dddc2adad5a4f09739a8ebb323b3ab31cd71d45fd9113.css?body=1" for 209.6.116.71 at 2021-03-13 06:42:54 +0000


Started GET "/" for 209.6.116.71 at 2021-03-13 06:48:55 +0000


Started GET "/movies" for 209.6.116.71 at 2021-03-13 06:48:55 +0000
Processing by MoviesController#index as HTML
  [1m[36mMovie Load (1.0ms)[0m  [1mSELECT "movies".* FROM "movies"[0m
  Rendered movies/index.html.erb within layouts/application (5.6ms)
  Rendered layouts/_flash.erb (0.4ms)
Completed 200 OK in 185ms (Views: 169.3ms | ActiveRecord: 1.1ms)


Started GET "/movies/new" for 209.6.116.71 at 2021-03-13 06:48:57 +0000
Processing by MoviesController#new as HTML
  Rendered movies/new.html.erb within layouts/application (12.1ms)
  Rendered layouts/_flash.erb (0.1ms)
Completed 200 OK in 17ms (Views: 17.0ms | ActiveRecord: 0.0ms)


Started POST "/movies" for 209.6.116.71 at 2021-03-13 06:49:02 +0000
Processing by MoviesController#create as HTML
  Parameters: {"utf8"=>"✓", "authenticity_token"=>"AEyr3IvBSJKBNQsG3F3pN9EVODb49TWxiDTr5BrieGEzcLXxpwXEFBeJcQRlbZJGtRF9y8/uWpISJJBydWuZgA==", "movie"=>{"title"=>"Evan test", "rating"=>"G", "release_date(1i)"=>"2021", "release_date(2i)"=>"3", "release_date(3i)"=>"13"}, "commit"=>"Save Changes"}
  [1m[35m (0.1ms)[0m  begin transaction
  [1m[36mSQL (0.3ms)[0m  [1mINSERT INTO "movies" ("title", "rating", "release_date", "created_at", "updated_at") VALUES (?, ?, ?, ?, ?)[0m  [["title", "Evan test"], ["rating", "G"], ["release_date", "2021-03-13 00:00:00.000000"], ["created_at", "2021-03-13 06:49:02.206366"], ["updated_at", "2021-03-13 06:49:02.206366"]]
  [1m[35m (100.9ms)[0m  commit transaction
Redirected to https://agenda-except-3000.codio.io/movies
Completed 302 Found in 108ms (ActiveRecord: 101.5ms)


Started GET "/movies" for 209.6.116.71 at 2021-03-13 06:49:02 +0000
Processing by MoviesController#index as HTML
  [1m[36mMovie Load (0.2ms)[0m  [1mSELECT "movies".* FROM "movies"[0m
  Rendered movies/index.html.erb within layouts/application (1.6ms)
  Rendered layouts/_flash.erb (0.1ms)
Completed 200 OK in 10ms (Views: 9.2ms | ActiveRecord: 0.2ms)


Started GET "/movies/1" for 209.6.116.71 at 2021-03-13 06:49:21 +0000
Processing by MoviesController#show as HTML
  Parameters: {"id"=>"1"}
  [1m[35mMovie Load (0.2ms)[0m  SELECT  "movies".* FROM "movies" WHERE "movies"."id" = ? LIMIT 1  [["id", 1]]
  Rendered movies/show.html.erb within layouts/application (1.4ms)
  Rendered layouts/_flash.erb (0.1ms)
Completed 200 OK in 21ms (Views: 11.1ms | ActiveRecord: 0.2ms)


Started DELETE "/movies/1" for 209.6.116.71 at 2021-03-13 06:49:25 +0000
Processing by MoviesController#destroy as HTML
  Parameters: {"authenticity_token"=>"ZV2yqdC68NkiCRNArLU5Lp+cpl9QWNRPmH0uiyUWXv5WYayE/H58X7S1aUIVhUJf+5jjomdDu2wCbVUdSp+/Hw==", "id"=>"1"}
  [1m[36mMovie Load (0.1ms)[0m  [1mSELECT  "movies".* FROM "movies" WHERE "movies"."id" = ? LIMIT 1[0m  [["id", 1]]
  [1m[35m (0.0ms)[0m  begin transaction
  [1m[36mSQL (0.2ms)[0m  [1mDELETE FROM "movies" WHERE "movies"."id" = ?[0m  [["id", 1]]
  [1m[35m (92.3ms)[0m  commit transaction
Redirected to https://agenda-except-3000.codio.io/movies
Completed 302 Found in 96ms (ActiveRecord: 92.7ms)


Started GET "/movies" for 209.6.116.71 at 2021-03-13 06:49:25 +0000
Processing by MoviesController#index as HTML
  [1m[36mMovie Load (0.1ms)[0m  [1mSELECT "movies".* FROM "movies"[0m
  Rendered movies/index.html.erb within layouts/application (0.5ms)
  Rendered layouts/_flash.erb (0.1ms)
Completed 200 OK in 16ms (Views: 16.1ms | ActiveRecord: 0.1ms)


Started GET "/" for 209.6.116.71 at 2021-03-14 06:03:12 +0000


Started GET "/movies" for 209.6.116.71 at 2021-03-14 06:03:12 +0000
Processing by MoviesController#index as HTML
  [1m[36mMovie Load (6.3ms)[0m  [1mSELECT "movies".* FROM "movies"[0m
  Rendered movies/index.html.erb within layouts/application (16.0ms)
  Rendered layouts/_flash.erb (0.5ms)
Completed 200 OK in 328ms (Views: 306.3ms | ActiveRecord: 6.4ms)


Started GET "/assets/application.self-18268de296e591348842b5d4a6e387552d8d42c985de3725e3fe3f278c2144d7.css?body=1" for 209.6.116.71 at 2021-03-14 06:03:13 +0000


Started GET "/assets/jquery_ujs.self-e87806d0cf4489aeb1bb7288016024e8de67fd18db693fe026fe3907581e53cd.js?body=1" for 209.6.116.71 at 2021-03-14 06:03:13 +0000


Started GET "/assets/application.self-377610cd7c1509e934744c810e3b4cf672dfbcacac3274e7d039827e2ae0fcc7.js?body=1" for 209.6.116.71 at 2021-03-14 06:03:13 +0000


Started GET "/assets/jquery.self-660adc51e0224b731d29f575a6f1ec167ba08ad06ed5deca4f1e8654c135bf4c.js?body=1" for 209.6.116.71 at 2021-03-14 06:03:13 +0000


Started GET "/movies" for 209.6.116.71 at 2021-03-14 06:05:31 +0000
Processing by MoviesController#index as HTML
  [1m[35mMovie Load (0.1ms)[0m  SELECT "movies".* FROM "movies"
  Rendered movies/index.html.erb within layouts/application (1.0ms)
  Rendered layouts/_flash.erb (0.0ms)
Completed 200 OK in 8ms (Views: 8.0ms | ActiveRecord: 0.1ms)


Started GET "/assets/application.self-6130c8cfed3b07e173289ec3907483d20e2d7e373563b8d6aea8227a370a7aef.css?body=1" for 209.6.116.71 at 2021-03-14 06:05:31 +0000


Started GET "/movies" for 209.6.116.71 at 2021-03-14 06:07:18 +0000
Processing by MoviesController#index as HTML
  [1m[36mMovie Load (0.1ms)[0m  [1mSELECT "movies".* FROM "movies"[0m
  Rendered movies/index.html.erb within layouts/application (1.1ms)
  Rendered layouts/_flash.erb (0.0ms)
Completed 200 OK in 15ms (Views: 15.1ms | ActiveRecord: 0.1ms)


Started GET "/assets/application.self-a7170b094e156c95ee02be0793bb83a2d4b6415d3643003970cc20bf7e0a1379.css?body=1" for 209.6.116.71 at 2021-03-14 06:07:18 +0000


Started GET "/movies" for 209.6.116.71 at 2021-03-14 06:08:14 +0000
Processing by MoviesController#index as HTML
  [1m[35mMovie Load (0.1ms)[0m  SELECT "movies".* FROM "movies"
  Rendered movies/index.html.erb within layouts/application (0.5ms)
  Rendered layouts/_flash.erb (0.1ms)
Completed 200 OK in 19ms (Views: 18.8ms | ActiveRecord: 0.1ms)


Started GET "/movies" for 209.6.116.71 at 2021-03-14 06:08:18 +0000
Processing by MoviesController#index as HTML
  [1m[36mMovie Load (0.1ms)[0m  [1mSELECT "movies".* FROM "movies"[0m
  Rendered movies/index.html.erb within layouts/application (1.1ms)
  Rendered layouts/_flash.erb (0.1ms)
Completed 200 OK in 17ms (Views: 16.3ms | ActiveRecord: 0.1ms)


Started GET "/movies" for 209.6.116.71 at 2021-03-14 06:08:37 +0000
Processing by MoviesController#index as HTML
  [1m[35mMovie Load (0.2ms)[0m  SELECT "movies".* FROM "movies"
  Rendered movies/index.html.erb within layouts/application (0.7ms)
  Rendered layouts/_flash.erb (0.1ms)
Completed 200 OK in 14ms (Views: 13.9ms | ActiveRecord: 0.2ms)


Started GET "/movies" for 209.6.116.71 at 2021-03-14 06:09:13 +0000
Processing by MoviesController#index as HTML
  [1m[36mMovie Load (0.2ms)[0m  [1mSELECT "movies".* FROM "movies"[0m
  Rendered movies/index.html.erb within layouts/application (1.1ms)
  Rendered layouts/_flash.erb (0.0ms)
Completed 200 OK in 8ms (Views: 7.2ms | ActiveRecord: 0.2ms)


Started GET "/movies" for 209.6.116.71 at 2021-03-14 06:14:21 +0000
Processing by MoviesController#index as HTML
  [1m[35mMovie Load (0.1ms)[0m  SELECT "movies".* FROM "movies"
  Rendered movies/index.html.erb within layouts/application (0.5ms)
  Rendered layouts/_flash.erb (0.0ms)
Completed 200 OK in 6ms (Views: 5.5ms | ActiveRecord: 0.1ms)


Started GET "/movies" for 209.6.116.71 at 2021-03-14 06:14:27 +0000
Processing by MoviesController#index as HTML
  [1m[36mMovie Load (0.1ms)[0m  [1mSELECT "movies".* FROM "movies"[0m
  Rendered movies/index.html.erb within layouts/application (0.5ms)
  Rendered layouts/_flash.erb (0.1ms)
Completed 200 OK in 6ms (Views: 5.7ms | ActiveRecord: 0.1ms)


Started GET "/movies" for 209.6.116.71 at 2021-03-14 06:17:17 +0000
Processing by MoviesController#index as HTML
  [1m[35mMovie Load (0.1ms)[0m  SELECT "movies".* FROM "movies"
  Rendered movies/index.html.erb within layouts/application (0.5ms)
  Rendered layouts/_flash.erb (0.1ms)
Completed 200 OK in 22ms (Views: 21.8ms | ActiveRecord: 0.1ms)


Started GET "/movies" for 209.6.116.71 at 2021-03-14 06:17:25 +0000
Processing by MoviesController#index as HTML
  [1m[36mMovie Load (0.3ms)[0m  [1mSELECT "movies".* FROM "movies"[0m
  Rendered movies/index.html.erb within layouts/application (1.7ms)
  Rendered layouts/_flash.erb (0.4ms)
Completed 200 OK in 15ms (Views: 13.0ms | ActiveRecord: 0.3ms)


Started GET "/movies" for 209.6.116.71 at 2021-03-14 06:19:18 +0000
Processing by MoviesController#index as HTML
  [1m[35mMovie Load (0.2ms)[0m  SELECT "movies".* FROM "movies"
  Rendered movies/index.html.erb within layouts/application (0.7ms)
  Rendered layouts/_flash.erb (0.1ms)
Completed 200 OK in 22ms (Views: 21.9ms | ActiveRecord: 0.2ms)


Started GET "/movies" for 209.6.116.71 at 2021-03-14 06:20:04 +0000
Processing by MoviesController#index as HTML
  [1m[36mMovie Load (0.1ms)[0m  [1mSELECT "movies".* FROM "movies"[0m
  Rendered movies/index.html.erb within layouts/application (1.7ms)
  Rendered layouts/_flash.erb (0.1ms)
Completed 200 OK in 17ms (Views: 16.6ms | ActiveRecord: 0.1ms)


Started GET "/assets/application.self-4f02af9c0ac9a821cea75c1949bea3d22143db65af931e82e7dd23b2a5810a0a.css?body=1" for 209.6.116.71 at 2021-03-14 06:20:04 +0000


Started GET "/movies" for 209.6.116.71 at 2021-03-14 06:20:11 +0000
Processing by MoviesController#index as HTML
  [1m[35mMovie Load (0.1ms)[0m  SELECT "movies".* FROM "movies"
  Rendered movies/index.html.erb within layouts/application (0.6ms)
  Rendered layouts/_flash.erb (0.1ms)
Completed 200 OK in 12ms (Views: 11.2ms | ActiveRecord: 0.1ms)


Started GET "/assets/application.self-8c812b4fdbffed23a8dd29c215aa0d1b9c21f3b0815ce6a59ce0719cc8ea0422.css?body=1" for 209.6.116.71 at 2021-03-14 06:20:11 +0000


Started GET "/movies" for 209.6.116.71 at 2021-03-14 06:21:14 +0000
Processing by MoviesController#index as HTML
  [1m[36mMovie Load (0.1ms)[0m  [1mSELECT "movies".* FROM "movies"[0m
  Rendered movies/index.html.erb within layouts/application (0.6ms)
  Rendered layouts/_flash.erb (0.0ms)
Completed 200 OK in 9ms (Views: 9.1ms | ActiveRecord: 0.1ms)


Started GET "/assets/application.self-4faddf6329fb7c4c5a2e24ba338a74b4f8e4aed78048425b3ce2031bb5c309da.css?body=1" for 209.6.116.71 at 2021-03-14 06:21:14 +0000


Started GET "/movies" for 209.6.116.71 at 2021-03-14 06:21:49 +0000
Processing by MoviesController#index as HTML
  [1m[35mMovie Load (0.1ms)[0m  SELECT "movies".* FROM "movies"
  Rendered movies/index.html.erb within layouts/application (0.5ms)
  Rendered layouts/_flash.erb (0.1ms)
Completed 200 OK in 8ms (Views: 8.1ms | ActiveRecord: 0.1ms)


Started GET "/assets/application.self-e7f0b3075a5f8b94e6880ece189b26cfd15d4555ccf9d18274db91d284b1764e.css?body=1" for 209.6.116.71 at 2021-03-14 06:21:49 +0000


Started GET "/movies" for 209.6.116.71 at 2021-03-14 06:21:55 +0000
Processing by MoviesController#index as HTML
  [1m[36mMovie Load (0.1ms)[0m  [1mSELECT "movies".* FROM "movies"[0m
  Rendered movies/index.html.erb within layouts/application (0.5ms)
  Rendered layouts/_flash.erb (0.0ms)
Completed 200 OK in 6ms (Views: 5.4ms | ActiveRecord: 0.1ms)


Started GET "/movies" for 209.6.116.71 at 2021-03-14 06:22:38 +0000
Processing by MoviesController#index as HTML
  [1m[35mMovie Load (0.2ms)[0m  SELECT "movies".* FROM "movies"
  Rendered movies/index.html.erb within layouts/application (0.7ms)
  Rendered layouts/_flash.erb (0.0ms)
Completed 200 OK in 7ms (Views: 6.3ms | ActiveRecord: 0.2ms)


Started GET "/movies" for 209.6.116.71 at 2021-03-14 06:22:58 +0000
Processing by MoviesController#index as HTML
  [1m[36mMovie Load (0.1ms)[0m  [1mSELECT "movies".* FROM "movies"[0m
  Rendered movies/index.html.erb within layouts/application (0.5ms)
  Rendered layouts/_flash.erb (0.0ms)
Completed 200 OK in 6ms (Views: 5.6ms | ActiveRecord: 0.1ms)


Started GET "/movies" for 209.6.116.71 at 2021-03-14 06:23:16 +0000
Processing by MoviesController#index as HTML
  [1m[35mMovie Load (0.1ms)[0m  SELECT "movies".* FROM "movies"
  Rendered movies/index.html.erb within layouts/application (0.5ms)
  Rendered layouts/_flash.erb (0.0ms)
Completed 200 OK in 6ms (Views: 5.4ms | ActiveRecord: 0.1ms)


Started GET "/movies" for 209.6.116.71 at 2021-03-14 06:23:36 +0000
Processing by MoviesController#index as HTML
  [1m[36mMovie Load (0.1ms)[0m  [1mSELECT "movies".* FROM "movies"[0m
  Rendered movies/index.html.erb within layouts/application (0.6ms)
  Rendered layouts/_flash.erb (0.0ms)
Completed 200 OK in 6ms (Views: 5.6ms | ActiveRecord: 0.1ms)


Started GET "/movies" for 209.6.116.71 at 2021-03-14 06:24:17 +0000
Processing by MoviesController#index as HTML
  [1m[35mMovie Load (0.1ms)[0m  SELECT "movies".* FROM "movies"
  Rendered movies/index.html.erb within layouts/application (0.5ms)
  Rendered layouts/_flash.erb (0.0ms)
Completed 200 OK in 6ms (Views: 5.8ms | ActiveRecord: 0.1ms)


Started GET "/movies" for 209.6.116.71 at 2021-03-14 06:24:18 +0000
Processing by MoviesController#index as HTML
  [1m[36mMovie Load (0.1ms)[0m  [1mSELECT "movies".* FROM "movies"[0m
  Rendered movies/index.html.erb within layouts/application (0.5ms)
  Rendered layouts/_flash.erb (0.0ms)
Completed 200 OK in 5ms (Views: 5.1ms | ActiveRecord: 0.1ms)


Started GET "/movies" for 209.6.116.71 at 2021-03-14 06:24:28 +0000
Processing by MoviesController#index as HTML
  [1m[35mMovie Load (0.1ms)[0m  SELECT "movies".* FROM "movies"
  Rendered movies/index.html.erb within layouts/application (0.5ms)
  Rendered layouts/_flash.erb (0.0ms)
Completed 200 OK in 6ms (Views: 5.4ms | ActiveRecord: 0.1ms)


Started GET "/movies" for 209.6.116.71 at 2021-03-14 06:25:18 +0000
Processing by MoviesController#index as HTML
  [1m[36mMovie Load (0.1ms)[0m  [1mSELECT "movies".* FROM "movies"[0m
  Rendered movies/index.html.erb within layouts/application (0.5ms)
  Rendered layouts/_flash.erb (0.0ms)
Completed 200 OK in 6ms (Views: 5.7ms | ActiveRecord: 0.1ms)


Started GET "/movies" for 209.6.116.71 at 2021-03-14 06:25:23 +0000
Processing by MoviesController#index as HTML
  [1m[35mMovie Load (0.1ms)[0m  SELECT "movies".* FROM "movies"
  Rendered movies/index.html.erb within layouts/application (0.5ms)
  Rendered layouts/_flash.erb (0.0ms)
Completed 200 OK in 6ms (Views: 5.7ms | ActiveRecord: 0.1ms)


Started GET "/movies" for 209.6.116.71 at 2021-03-14 06:25:28 +0000
Processing by MoviesController#index as HTML
  [1m[36mMovie Load (0.1ms)[0m  [1mSELECT "movies".* FROM "movies"[0m
  Rendered movies/index.html.erb within layouts/application (0.5ms)
  Rendered layouts/_flash.erb (0.0ms)
Completed 200 OK in 6ms (Views: 5.7ms | ActiveRecord: 0.1ms)


Started GET "/movies" for 209.6.116.71 at 2021-03-14 06:25:58 +0000
Processing by MoviesController#index as HTML
  [1m[35mMovie Load (0.1ms)[0m  SELECT "movies".* FROM "movies"
  Rendered movies/index.html.erb within layouts/application (0.5ms)
  Rendered layouts/_flash.erb (0.1ms)
Completed 200 OK in 6ms (Views: 5.6ms | ActiveRecord: 0.1ms)


Started GET "/movies" for 209.6.116.71 at 2021-03-14 06:26:36 +0000
Processing by MoviesController#index as HTML
  [1m[36mMovie Load (0.1ms)[0m  [1mSELECT "movies".* FROM "movies"[0m
  Rendered movies/index.html.erb within layouts/application (0.7ms)
  Rendered layouts/_flash.erb (0.1ms)
Completed 200 OK in 11ms (Views: 10.4ms | ActiveRecord: 0.1ms)


Started GET "/assets/application.self-5c606665a445c56866081c913df050baff53ec0188b44d314d383dc83ed3299c.css?body=1" for 209.6.116.71 at 2021-03-14 06:26:36 +0000


Started GET "/movies" for 209.6.116.71 at 2021-03-14 06:28:46 +0000
Processing by MoviesController#index as HTML
  [1m[35mMovie Load (0.1ms)[0m  SELECT "movies".* FROM "movies"
  Rendered movies/index.html.erb within layouts/application (0.5ms)
  Rendered layouts/_flash.erb (0.1ms)
Completed 200 OK in 10ms (Views: 9.9ms | ActiveRecord: 0.1ms)


Started GET "/assets/application.self-2a488af0adca0b2a6344daf1631ffcb200c08dd266566b6c83d6d19d52649d21.css?body=1" for 209.6.116.71 at 2021-03-14 06:28:46 +0000


Started GET "/action_page.php?search=" for 209.6.116.71 at 2021-03-14 06:28:50 +0000

ActionController::RoutingError (No route matches [GET] "/action_page.php"):
  actionpack (4.2.10) lib/action_dispatch/middleware/debug_exceptions.rb:21:in `call'
  actionpack (4.2.10) lib/action_dispatch/middleware/show_exceptions.rb:30:in `call'
  railties (4.2.10) lib/rails/rack/logger.rb:38:in `call_app'
  railties (4.2.10) lib/rails/rack/logger.rb:20:in `block in call'
  activesupport (4.2.10) lib/active_support/tagged_logging.rb:68:in `block in tagged'
  activesupport (4.2.10) lib/active_support/tagged_logging.rb:26:in `tagged'
  activesupport (4.2.10) lib/active_support/tagged_logging.rb:68:in `tagged'
  railties (4.2.10) lib/rails/rack/logger.rb:20:in `call'
  actionpack (4.2.10) lib/action_dispatch/middleware/request_id.rb:21:in `call'
  rack (1.6.10) lib/rack/methodoverride.rb:22:in `call'
  rack (1.6.10) lib/rack/runtime.rb:18:in `call'
  activesupport (4.2.10) lib/active_support/cache/strategy/local_cache_middleware.rb:28:in `call'
  rack (1.6.10) lib/rack/lock.rb:17:in `call'
  actionpack (4.2.10) lib/action_dispatch/middleware/static.rb:120:in `call'
  rack (1.6.10) lib/rack/sendfile.rb:113:in `call'
  railties (4.2.10) lib/rails/engine.rb:518:in `call'
  railties (4.2.10) lib/rails/application.rb:165:in `call'
  rack (1.6.10) lib/rack/lock.rb:17:in `call'
  rack (1.6.10) lib/rack/content_length.rb:15:in `call'
  rack (1.6.10) lib/rack/handler/webrick.rb:88:in `service'
  /usr/lib/ruby/2.6.0/webrick/httpserver.rb:140:in `service'
  /usr/lib/ruby/2.6.0/webrick/httpserver.rb:96:in `run'
  /usr/lib/ruby/2.6.0/webrick/server.rb:307:in `block in start_thread'


  Rendered /var/lib/gems/2.6.0/gems/actionpack-4.2.10/lib/action_dispatch/middleware/templates/rescues/_trace.html.erb (0.8ms)
  Rendered /var/lib/gems/2.6.0/gems/actionpack-4.2.10/lib/action_dispatch/middleware/templates/routes/_route.html.erb (0.5ms)
  Rendered /var/lib/gems/2.6.0/gems/actionpack-4.2.10/lib/action_dispatch/middleware/templates/routes/_table.html.erb (5.0ms)
  Rendered /var/lib/gems/2.6.0/gems/actionpack-4.2.10/lib/action_dispatch/middleware/templates/rescues/_request_and_response.html.erb (0.9ms)
  Rendered /var/lib/gems/2.6.0/gems/actionpack-4.2.10/lib/action_dispatch/middleware/templates/rescues/routing_error.html.erb within rescues/layout (17.1ms)


Started GET "/movies" for 209.6.116.71 at 2021-03-14 06:30:42 +0000
Processing by MoviesController#index as HTML
  [1m[36mMovie Load (0.1ms)[0m  [1mSELECT "movies".* FROM "movies"[0m
  Rendered movies/index.html.erb within layouts/application (0.5ms)
  Rendered layouts/_flash.erb (0.1ms)
Completed 200 OK in 8ms (Views: 7.3ms | ActiveRecord: 0.1ms)


Started GET "/assets/application.self-9b117942ed84ee84d831d94583b3b783e2ad75b6dadfb171f6a4bc23a3cc562e.css?body=1" for 209.6.116.71 at 2021-03-14 06:30:42 +0000


Started GET "/movies" for 209.6.116.71 at 2021-03-14 06:30:58 +0000
Processing by MoviesController#index as HTML
  [1m[35mMovie Load (0.1ms)[0m  SELECT "movies".* FROM "movies"
  Rendered movies/index.html.erb within layouts/application (0.5ms)
  Rendered layouts/_flash.erb (0.0ms)
Completed 200 OK in 8ms (Views: 7.2ms | ActiveRecord: 0.1ms)


Started GET "/assets/application.self-68aed12a50d9cc75b393d8cf26f2d2025de718f334c6286034dc10eaf028c565.css?body=1" for 209.6.116.71 at 2021-03-14 06:30:58 +0000


Started GET "/movies" for 209.6.116.71 at 2021-03-14 06:31:17 +0000
Processing by MoviesController#index as HTML
  [1m[36mMovie Load (0.1ms)[0m  [1mSELECT "movies".* FROM "movies"[0m
  Rendered movies/index.html.erb within layouts/application (0.5ms)
  Rendered layouts/_flash.erb (0.1ms)
Completed 200 OK in 24ms (Views: 23.7ms | ActiveRecord: 0.1ms)


Started GET "/assets/application.self-631f3cc4cc430017586343878cf859af9833e3e2263bf94f5e9dcb1266e5f162.css?body=1" for 209.6.116.71 at 2021-03-14 06:31:17 +0000


Started GET "/movies" for 209.6.116.71 at 2021-03-14 06:31:36 +0000
Processing by MoviesController#index as HTML
  [1m[35mMovie Load (0.1ms)[0m  SELECT "movies".* FROM "movies"
  Rendered movies/index.html.erb within layouts/application (0.5ms)
  Rendered layouts/_flash.erb (0.0ms)
Completed 200 OK in 8ms (Views: 7.4ms | ActiveRecord: 0.1ms)


Started GET "/assets/application.self-2d7bdcfa1319d1a2556e3876eebbe4116ea63b08a2cde9f6d4c481a44d655c02.css?body=1" for 209.6.116.71 at 2021-03-14 06:31:36 +0000


Started GET "/movies" for 209.6.116.71 at 2021-03-14 06:32:03 +0000
Processing by MoviesController#index as HTML
  [1m[36mMovie Load (0.1ms)[0m  [1mSELECT "movies".* FROM "movies"[0m
  Rendered movies/index.html.erb within layouts/application (0.6ms)
  Rendered layouts/_flash.erb (0.1ms)
Completed 200 OK in 9ms (Views: 8.7ms | ActiveRecord: 0.1ms)


Started GET "/assets/application.self-91260fcc5ce87f76e58c15e209f7ccf3efc5ba9ce3a9a16ad13462e15c3c313d.css?body=1" for 209.6.116.71 at 2021-03-14 06:32:03 +0000


Started GET "/movies" for 209.6.116.71 at 2021-03-14 06:33:04 +0000
Processing by MoviesController#index as HTML
  [1m[35mMovie Load (0.1ms)[0m  SELECT "movies".* FROM "movies"
  Rendered movies/index.html.erb within layouts/application (0.5ms)
  Rendered layouts/_flash.erb (0.0ms)
Completed 200 OK in 8ms (Views: 7.4ms | ActiveRecord: 0.1ms)


Started GET "/assets/application.self-b08c5c87c2c4f7b8b97d5d5d1377402d24068347c7b050ddd4a94cf97136b9b4.css?body=1" for 209.6.116.71 at 2021-03-14 06:33:04 +0000


Started GET "/movies" for 209.6.116.71 at 2021-03-14 06:33:29 +0000
Processing by MoviesController#index as HTML
  [1m[36mMovie Load (0.1ms)[0m  [1mSELECT "movies".* FROM "movies"[0m
  Rendered movies/index.html.erb within layouts/application (0.5ms)
  Rendered layouts/_flash.erb (0.0ms)
Completed 200 OK in 8ms (Views: 7.3ms | ActiveRecord: 0.1ms)


Started GET "/assets/application.self-0a303bb9141eb723c0ad850fd5f31e934b5fba0a332b449736a2f72b35bddbeb.css?body=1" for 209.6.116.71 at 2021-03-14 06:33:29 +0000


Started GET "/movies" for 209.6.116.71 at 2021-03-14 06:33:31 +0000
Processing by MoviesController#index as HTML
  [1m[35mMovie Load (0.1ms)[0m  SELECT "movies".* FROM "movies"
  Rendered movies/index.html.erb within layouts/application (0.5ms)
  Rendered layouts/_flash.erb (0.0ms)
Completed 200 OK in 6ms (Views: 5.3ms | ActiveRecord: 0.1ms)


Started GET "/movies" for 209.6.116.71 at 2021-03-14 06:33:51 +0000
Processing by MoviesController#index as HTML
  [1m[36mMovie Load (0.1ms)[0m  [1mSELECT "movies".* FROM "movies"[0m
  Rendered movies/index.html.erb within layouts/application (0.5ms)
  Rendered layouts/_flash.erb (0.0ms)
Completed 200 OK in 7ms (Views: 6.8ms | ActiveRecord: 0.1ms)


Started GET "/assets/application.self-57b06b1e72ecb8d90442280c59f481424b7cd1962ea9f0d062e2ae88bbb0f1bc.css?body=1" for 209.6.116.71 at 2021-03-14 06:33:52 +0000


Started GET "/movies" for 209.6.116.71 at 2021-03-14 06:34:13 +0000
Processing by MoviesController#index as HTML
  [1m[35mMovie Load (0.1ms)[0m  SELECT "movies".* FROM "movies"
  Rendered movies/index.html.erb within layouts/application (0.5ms)
  Rendered layouts/_flash.erb (0.0ms)
Completed 200 OK in 7ms (Views: 7.0ms | ActiveRecord: 0.1ms)


Started GET "/assets/application.self-7461609ee5ff9567824f135b991d2496c2a5b7adec4d498170e334b65c274cb1.css?body=1" for 209.6.116.71 at 2021-03-14 06:34:13 +0000


Started GET "/movies" for 209.6.116.71 at 2021-03-14 06:34:30 +0000
Processing by MoviesController#index as HTML
  [1m[36mMovie Load (0.1ms)[0m  [1mSELECT "movies".* FROM "movies"[0m
  Rendered movies/index.html.erb within layouts/application (0.5ms)
  Rendered layouts/_flash.erb (0.0ms)
Completed 200 OK in 8ms (Views: 7.5ms | ActiveRecord: 0.1ms)


Started GET "/assets/application.self-085bf7c5337b7f1af8a18131f06669d1202aa2dd415243f2e3132aee50a0b6ce.css?body=1" for 209.6.116.71 at 2021-03-14 06:34:30 +0000


Started GET "/movies" for 209.6.116.71 at 2021-03-14 06:34:52 +0000
Processing by MoviesController#index as HTML
  [1m[35mMovie Load (0.1ms)[0m  SELECT "movies".* FROM "movies"
  Rendered movies/index.html.erb within layouts/application (0.5ms)
  Rendered layouts/_flash.erb (0.0ms)
Completed 200 OK in 7ms (Views: 6.6ms | ActiveRecord: 0.1ms)


Started GET "/assets/application.self-2d995d33c15f52afb959de444466156467fc84e0c2ddfb698d91f7e2a86b89cd.css?body=1" for 209.6.116.71 at 2021-03-14 06:34:52 +0000


Started GET "/movies" for 209.6.116.71 at 2021-03-14 06:35:03 +0000
Processing by MoviesController#index as HTML
  [1m[36mMovie Load (0.2ms)[0m  [1mSELECT "movies".* FROM "movies"[0m
  Rendered movies/index.html.erb within layouts/application (0.6ms)
  Rendered layouts/_flash.erb (0.0ms)
Completed 200 OK in 10ms (Views: 9.3ms | ActiveRecord: 0.2ms)


Started GET "/assets/application.self-c8361e09708bb12bcaa185e1283c413072583a3fc8f761cae77da30d775736e8.css?body=1" for 209.6.116.71 at 2021-03-14 06:35:03 +0000


Started GET "/action_page.php?search=" for 209.6.116.71 at 2021-03-14 06:35:17 +0000

ActionController::RoutingError (No route matches [GET] "/action_page.php"):
  actionpack (4.2.10) lib/action_dispatch/middleware/debug_exceptions.rb:21:in `call'
  actionpack (4.2.10) lib/action_dispatch/middleware/show_exceptions.rb:30:in `call'
  railties (4.2.10) lib/rails/rack/logger.rb:38:in `call_app'
  railties (4.2.10) lib/rails/rack/logger.rb:20:in `block in call'
  activesupport (4.2.10) lib/active_support/tagged_logging.rb:68:in `block in tagged'
  activesupport (4.2.10) lib/active_support/tagged_logging.rb:26:in `tagged'
  activesupport (4.2.10) lib/active_support/tagged_logging.rb:68:in `tagged'
  railties (4.2.10) lib/rails/rack/logger.rb:20:in `call'
  actionpack (4.2.10) lib/action_dispatch/middleware/request_id.rb:21:in `call'
  rack (1.6.10) lib/rack/methodoverride.rb:22:in `call'
  rack (1.6.10) lib/rack/runtime.rb:18:in `call'
  activesupport (4.2.10) lib/active_support/cache/strategy/local_cache_middleware.rb:28:in `call'
  rack (1.6.10) lib/rack/lock.rb:17:in `call'
  actionpack (4.2.10) lib/action_dispatch/middleware/static.rb:120:in `call'
  rack (1.6.10) lib/rack/sendfile.rb:113:in `call'
  railties (4.2.10) lib/rails/engine.rb:518:in `call'
  railties (4.2.10) lib/rails/application.rb:165:in `call'
  rack (1.6.10) lib/rack/lock.rb:17:in `call'
  rack (1.6.10) lib/rack/content_length.rb:15:in `call'
  rack (1.6.10) lib/rack/handler/webrick.rb:88:in `service'
  /usr/lib/ruby/2.6.0/webrick/httpserver.rb:140:in `service'
  /usr/lib/ruby/2.6.0/webrick/httpserver.rb:96:in `run'
  /usr/lib/ruby/2.6.0/webrick/server.rb:307:in `block in start_thread'


  Rendered /var/lib/gems/2.6.0/gems/actionpack-4.2.10/lib/action_dispatch/middleware/templates/rescues/_trace.html.erb (0.7ms)
  Rendered /var/lib/gems/2.6.0/gems/actionpack-4.2.10/lib/action_dispatch/middleware/templates/routes/_route.html.erb (0.5ms)
  Rendered /var/lib/gems/2.6.0/gems/actionpack-4.2.10/lib/action_dispatch/middleware/templates/routes/_table.html.erb (0.7ms)
  Rendered /var/lib/gems/2.6.0/gems/actionpack-4.2.10/lib/action_dispatch/middleware/templates/rescues/_request_and_response.html.erb (0.8ms)
  Rendered /var/lib/gems/2.6.0/gems/actionpack-4.2.10/lib/action_dispatch/middleware/templates/rescues/routing_error.html.erb within rescues/layout (10.2ms)


Started GET "/movies" for 209.6.116.71 at 2021-03-14 06:35:19 +0000
Processing by MoviesController#index as HTML
  [1m[35mMovie Load (0.1ms)[0m  SELECT "movies".* FROM "movies"
  Rendered movies/index.html.erb within layouts/application (0.5ms)
  Rendered layouts/_flash.erb (0.0ms)
Completed 200 OK in 7ms (Views: 7.1ms | ActiveRecord: 0.1ms)


Started GET "/assets/application.self-3a9da87b10af955b8ab4d20b4ceae1e90231a7dd2f2dbd07ee8d74ad25acbeee.css?body=1" for 209.6.116.71 at 2021-03-14 06:35:19 +0000


Started GET "/movies" for 209.6.116.71 at 2021-03-14 06:36:23 +0000
Processing by MoviesController#index as HTML
  [1m[36mMovie Load (0.1ms)[0m  [1mSELECT "movies".* FROM "movies"[0m
  Rendered movies/index.html.erb within layouts/application (0.5ms)
  Rendered layouts/_flash.erb (0.0ms)
Completed 200 OK in 9ms (Views: 8.6ms | ActiveRecord: 0.1ms)


Started GET "/assets/application.self-2e4bd71a23f6ff82f97d2b8e2502477d8a6357750673ead59bb481db22a77e02.css?body=1" for 209.6.116.71 at 2021-03-14 06:36:23 +0000


Started GET "/movies" for 209.6.116.71 at 2021-03-14 06:36:57 +0000
Processing by MoviesController#index as HTML
  [1m[35mMovie Load (0.1ms)[0m  SELECT "movies".* FROM "movies"
  Rendered movies/index.html.erb within layouts/application (0.5ms)
  Rendered layouts/_flash.erb (0.0ms)
Completed 200 OK in 7ms (Views: 7.0ms | ActiveRecord: 0.1ms)


Started GET "/assets/application.self-3395f19c74c74eb05b74f5dce45685802cab32fb96fdd4d3abaa966144b0512e.css?body=1" for 209.6.116.71 at 2021-03-14 06:36:57 +0000


Started GET "/movies" for 209.6.116.71 at 2021-03-14 06:37:33 +0000
Processing by MoviesController#index as HTML
  [1m[36mMovie Load (0.1ms)[0m  [1mSELECT "movies".* FROM "movies"[0m
  Rendered movies/index.html.erb within layouts/application (0.5ms)
  Rendered layouts/_flash.erb (0.0ms)
Completed 200 OK in 7ms (Views: 6.8ms | ActiveRecord: 0.1ms)


Started GET "/assets/application.self-f411db556a4da1b8896aa366f78259e89e05ca8dcc42b5481c3e305a851fa3f4.css?body=1" for 209.6.116.71 at 2021-03-14 06:37:33 +0000


Started GET "/movies" for 209.6.116.71 at 2021-03-14 06:37:45 +0000
Processing by MoviesController#index as HTML
  [1m[35mMovie Load (0.1ms)[0m  SELECT "movies".* FROM "movies"
  Rendered movies/index.html.erb within layouts/application (0.5ms)
  Rendered layouts/_flash.erb (0.1ms)
Completed 200 OK in 6ms (Views: 5.9ms | ActiveRecord: 0.1ms)


Started GET "/movies" for 209.6.116.71 at 2021-03-14 06:37:57 +0000
Processing by MoviesController#index as HTML
  [1m[36mMovie Load (0.1ms)[0m  [1mSELECT "movies".* FROM "movies"[0m
  Rendered movies/index.html.erb within layouts/application (0.5ms)
  Rendered layouts/_flash.erb (0.0ms)
Completed 200 OK in 7ms (Views: 6.9ms | ActiveRecord: 0.1ms)


Started GET "/assets/application.self-d1a40b3df4fd3e57391dad45a947faf3cbe0d863a345ead52c133e313fb5f77b.css?body=1" for 209.6.116.71 at 2021-03-14 06:37:57 +0000


Started GET "/movies" for 209.6.116.71 at 2021-03-14 06:39:21 +0000
Processing by MoviesController#index as HTML
  [1m[35mMovie Load (0.1ms)[0m  SELECT "movies".* FROM "movies"
  Rendered movies/index.html.erb within layouts/application (0.9ms)
  Rendered layouts/_flash.erb (0.1ms)
Completed 200 OK in 24ms (Views: 23.4ms | ActiveRecord: 0.1ms)


Started GET "/assets/application.self-570500aa41f3fe00fcfeabac28ba651af771737f18431b0614f9dc1a00c3675d.css?body=1" for 209.6.116.71 at 2021-03-14 06:39:21 +0000


Started GET "/movies" for 209.6.116.71 at 2021-03-14 06:39:32 +0000
Processing by MoviesController#index as HTML
  [1m[36mMovie Load (0.1ms)[0m  [1mSELECT "movies".* FROM "movies"[0m
  Rendered movies/index.html.erb within layouts/application (0.5ms)
  Rendered layouts/_flash.erb (0.0ms)
Completed 200 OK in 6ms (Views: 5.9ms | ActiveRecord: 0.1ms)


Started GET "/movies" for 209.6.116.71 at 2021-03-14 06:45:27 +0000
Processing by MoviesController#index as HTML
  [1m[35mMovie Load (0.1ms)[0m  SELECT "movies".* FROM "movies"
  Rendered movies/index.html.erb within layouts/application (0.5ms)
  Rendered layouts/_flash.erb (0.0ms)
Completed 200 OK in 6ms (Views: 5.6ms | ActiveRecord: 0.1ms)


Started GET "/" for 209.6.116.71 at 2021-03-14 06:52:48 +0000


Started GET "/movies" for 209.6.116.71 at 2021-03-14 06:52:48 +0000
Processing by MoviesController#index as HTML
  [1m[36mMovie Load (3.8ms)[0m  [1mSELECT "movies".* FROM "movies"[0m
  Rendered movies/index.html.erb within layouts/application (10.9ms)
  Rendered layouts/_flash.erb (0.3ms)
Completed 200 OK in 189ms (Views: 171.0ms | ActiveRecord: 3.9ms)


Started GET "/movies/new" for 209.6.116.71 at 2021-03-14 06:54:59 +0000
Processing by MoviesController#new as HTML
  Rendered movies/new.html.erb within layouts/application (10.7ms)
  Rendered layouts/_flash.erb (0.1ms)
Completed 200 OK in 18ms (Views: 17.4ms | ActiveRecord: 0.0ms)


Started GET "/movies" for 209.6.116.71 at 2021-03-14 06:55:38 +0000
Processing by MoviesController#index as HTML
  [1m[35mMovie Load (0.1ms)[0m  SELECT "movies".* FROM "movies"
  Rendered movies/index.html.erb within layouts/application (1.0ms)
  Rendered layouts/_flash.erb (0.0ms)
Completed 200 OK in 6ms (Views: 5.9ms | ActiveRecord: 0.1ms)


Started GET "/movies" for 209.6.116.71 at 2021-03-14 06:56:11 +0000
Processing by MoviesController#index as HTML
  [1m[36mMovie Load (0.1ms)[0m  [1mSELECT "movies".* FROM "movies"[0m
  Rendered movies/index.html.erb within layouts/application (1.0ms)
  Rendered layouts/_flash.erb (0.1ms)
Completed 200 OK in 20ms (Views: 19.5ms | ActiveRecord: 0.1ms)


Started GET "/movies" for 209.6.116.71 at 2021-03-14 06:56:33 +0000
Processing by MoviesController#index as HTML
  [1m[35mMovie Load (0.1ms)[0m  SELECT "movies".* FROM "movies"
  Rendered movies/index.html.erb within layouts/application (1.8ms)
  Rendered layouts/_flash.erb (0.0ms)
Completed 200 OK in 19ms (Views: 18.3ms | ActiveRecord: 0.1ms)


Started GET "/movies" for 209.6.116.71 at 2021-03-14 06:58:27 +0000
Processing by MoviesController#index as HTML
  [1m[36mMovie Load (0.2ms)[0m  [1mSELECT "movies".* FROM "movies"[0m
  Rendered movies/index.html.erb within layouts/application (1.5ms)
  Rendered layouts/_flash.erb (0.1ms)
Completed 200 OK in 17ms (Views: 16.7ms | ActiveRecord: 0.2ms)


Started GET "/movies/new" for 209.6.116.71 at 2021-03-14 06:58:40 +0000
Processing by MoviesController#new as HTML
  Rendered movies/new.html.erb within layouts/application (3.3ms)
  Rendered layouts/_flash.erb (0.1ms)
Completed 200 OK in 21ms (Views: 20.7ms | ActiveRecord: 0.0ms)


Started POST "/movies" for 209.6.116.71 at 2021-03-14 06:58:44 +0000
Processing by MoviesController#create as HTML
  Parameters: {"utf8"=>"✓", "authenticity_token"=>"9YeM41nNIpALLXqga+srBOHl0m5DyAYkpxMXJP19e6bGu5LOdQmuFp2RAKLS21B1heGXk3TTaQc9A2yykvSaRw==", "movie"=>{"title"=>"Evan's place", "rating"=>"G", "release_date(1i)"=>"2021", "release_date(2i)"=>"3", "release_date(3i)"=>"14"}, "commit"=>"Save Changes"}
  [1m[35m (0.1ms)[0m  begin transaction
  [1m[36mSQL (0.4ms)[0m  [1mINSERT INTO "movies" ("title", "rating", "release_date", "created_at", "updated_at") VALUES (?, ?, ?, ?, ?)[0m  [["title", "Evan's place"], ["rating", "G"], ["release_date", "2021-03-14 00:00:00.000000"], ["created_at", "2021-03-14 06:58:44.349452"], ["updated_at", "2021-03-14 06:58:44.349452"]]
  [1m[35m (99.5ms)[0m  commit transaction
Redirected to https://agenda-except-3000.codio.io/movies
Completed 302 Found in 113ms (ActiveRecord: 100.2ms)


Started GET "/movies" for 209.6.116.71 at 2021-03-14 06:58:44 +0000
Processing by MoviesController#index as HTML
  [1m[36mMovie Load (0.1ms)[0m  [1mSELECT "movies".* FROM "movies"[0m
  Rendered movies/index.html.erb within layouts/application (1.4ms)
  Rendered layouts/_flash.erb (0.1ms)
Completed 200 OK in 7ms (Views: 6.4ms | ActiveRecord: 0.1ms)


Started GET "/movies" for 209.6.116.71 at 2021-03-14 06:58:50 +0000
Processing by MoviesController#index as HTML
  [1m[35mMovie Load (0.1ms)[0m  SELECT "movies".* FROM "movies"
  Rendered movies/index.html.erb within layouts/application (0.7ms)
  Rendered layouts/_flash.erb (0.0ms)
Completed 200 OK in 6ms (Views: 5.4ms | ActiveRecord: 0.1ms)


Started GET "/movies/new" for 209.6.116.71 at 2021-03-14 06:59:07 +0000
Processing by MoviesController#new as HTML
  Rendered movies/new.html.erb within layouts/application (1.3ms)
  Rendered layouts/_flash.erb (0.0ms)
Completed 200 OK in 6ms (Views: 5.9ms | ActiveRecord: 0.0ms)


Started POST "/movies" for 209.6.116.71 at 2021-03-14 06:59:17 +0000
Processing by MoviesController#create as HTML
  Parameters: {"utf8"=>"✓", "authenticity_token"=>"Sb+gzqW2HPG7tT+jIZGKUT9p6ppKQhq44PGLngz0Ae96g77jiXKQdy0JRaGYofEgW22vZ31ZdZt64fAIY33gDg==", "movie"=>{"title"=>"McDonald", "rating"=>"G", "release_date(1i)"=>"2021", "release_date(2i)"=>"3", "release_date(3i)"=>"14"}, "commit"=>"Save Changes"}
  [1m[36m (0.1ms)[0m  [1mbegin transaction[0m
  [1m[35mSQL (0.3ms)[0m  INSERT INTO "movies" ("title", "rating", "release_date", "created_at", "updated_at") VALUES (?, ?, ?, ?, ?)  [["title", "McDonald"], ["rating", "G"], ["release_date", "2021-03-14 00:00:00.000000"], ["created_at", "2021-03-14 06:59:17.528855"], ["updated_at", "2021-03-14 06:59:17.528855"]]
  [1m[36m (100.7ms)[0m  [1mcommit transaction[0m
Redirected to https://agenda-except-3000.codio.io/movies
Completed 302 Found in 103ms (ActiveRecord: 101.1ms)


Started GET "/movies" for 209.6.116.71 at 2021-03-14 06:59:17 +0000
Processing by MoviesController#index as HTML
  [1m[35mMovie Load (0.1ms)[0m  SELECT "movies".* FROM "movies"
  Rendered movies/index.html.erb within layouts/application (0.8ms)
  Rendered layouts/_flash.erb (0.1ms)
Completed 200 OK in 6ms (Views: 5.4ms | ActiveRecord: 0.1ms)


Started GET "/movies/new" for 209.6.116.71 at 2021-03-14 06:59:18 +0000
Processing by MoviesController#new as HTML
  Rendered movies/new.html.erb within layouts/application (1.3ms)
  Rendered layouts/_flash.erb (0.0ms)
Completed 200 OK in 6ms (Views: 5.9ms | ActiveRecord: 0.0ms)


Started POST "/movies" for 209.6.116.71 at 2021-03-14 06:59:25 +0000
Processing by MoviesController#create as HTML
  Parameters: {"utf8"=>"✓", "authenticity_token"=>"FYubWE0mHvA4CafoplSn2rThlkDPE9nCgiTHlmFUUPImt4V1YeKSdq613eofZNyr0OXTvfgItuEYNLwADt2xEw==", "movie"=>{"title"=>"Junfeng Yang", "rating"=>"G", "release_date(1i)"=>"2021", "release_date(2i)"=>"3", "release_date(3i)"=>"14"}, "commit"=>"Save Changes"}
  [1m[36m (0.1ms)[0m  [1mbegin transaction[0m
  [1m[35mSQL (0.2ms)[0m  INSERT INTO "movies" ("title", "rating", "release_date", "created_at", "updated_at") VALUES (?, ?, ?, ?, ?)  [["title", "Junfeng Yang"], ["rating", "G"], ["release_date", "2021-03-14 00:00:00.000000"], ["created_at", "2021-03-14 06:59:25.494106"], ["updated_at", "2021-03-14 06:59:25.494106"]]
  [1m[36m (123.2ms)[0m  [1mcommit transaction[0m
Redirected to https://agenda-except-3000.codio.io/movies
Completed 302 Found in 126ms (ActiveRecord: 123.5ms)


Started GET "/movies" for 209.6.116.71 at 2021-03-14 06:59:25 +0000
Processing by MoviesController#index as HTML
  [1m[35mMovie Load (0.1ms)[0m  SELECT "movies".* FROM "movies"
  Rendered movies/index.html.erb within layouts/application (0.9ms)
  Rendered layouts/_flash.erb (0.0ms)
Completed 200 OK in 6ms (Views: 5.5ms | ActiveRecord: 0.1ms)


Started GET "/movies/new" for 209.6.116.71 at 2021-03-14 06:59:27 +0000
Processing by MoviesController#new as HTML
  Rendered movies/new.html.erb within layouts/application (1.4ms)
  Rendered layouts/_flash.erb (0.1ms)
Completed 200 OK in 6ms (Views: 6.2ms | ActiveRecord: 0.0ms)


Started POST "/movies" for 209.6.116.71 at 2021-03-14 06:59:32 +0000
Processing by MoviesController#create as HTML
  Parameters: {"utf8"=>"✓", "authenticity_token"=>"iIAPxofCezE1iVwzhBCWdgtCpfWm26VzyCy9sGyiqti7vBHrqwb3t6M1JjE9IO0Hb0bgCJHAylBSPMYmAytLOQ==", "movie"=>{"title"=>"Zuby in Zairls", "rating"=>"G", "release_date(1i)"=>"2021", "release_date(2i)"=>"3", "release_date(3i)"=>"14"}, "commit"=>"Save Changes"}
  [1m[36m (0.1ms)[0m  [1mbegin transaction[0m
  [1m[35mSQL (0.2ms)[0m  INSERT INTO "movies" ("title", "rating", "release_date", "created_at", "updated_at") VALUES (?, ?, ?, ?, ?)  [["title", "Zuby in Zairls"], ["rating", "G"], ["release_date", "2021-03-14 00:00:00.000000"], ["created_at", "2021-03-14 06:59:32.939739"], ["updated_at", "2021-03-14 06:59:32.939739"]]
  [1m[36m (94.4ms)[0m  [1mcommit transaction[0m
Redirected to https://agenda-except-3000.codio.io/movies
Completed 302 Found in 97ms (ActiveRecord: 94.7ms)


Started GET "/movies" for 209.6.116.71 at 2021-03-14 06:59:33 +0000
Processing by MoviesController#index as HTML
  [1m[35mMovie Load (0.1ms)[0m  SELECT "movies".* FROM "movies"
  Rendered movies/index.html.erb within layouts/application (0.9ms)
  Rendered layouts/_flash.erb (0.0ms)
Completed 200 OK in 6ms (Views: 5.6ms | ActiveRecord: 0.1ms)


Started GET "/movies" for 209.6.116.71 at 2021-03-14 06:59:36 +0000
Processing by MoviesController#index as HTML
  [1m[36mMovie Load (0.2ms)[0m  [1mSELECT "movies".* FROM "movies"[0m
  Rendered movies/index.html.erb within layouts/application (0.9ms)
  Rendered layouts/_flash.erb (0.0ms)
Completed 200 OK in 6ms (Views: 5.5ms | ActiveRecord: 0.2ms)


Started GET "/movies" for 209.6.116.71 at 2021-03-14 07:05:26 +0000
Processing by MoviesController#index as HTML
  [1m[35mMovie Load (0.2ms)[0m  SELECT "movies".* FROM "movies"
  Rendered movies/index.html.erb within layouts/application (1.0ms)
  Rendered layouts/_flash.erb (0.0ms)
Completed 200 OK in 9ms (Views: 8.6ms | ActiveRecord: 0.2ms)


Started GET "/assets/application.self-5dbdcd2fa71fde6e0b26d31433ae4f255100868798b9f458fca357096bc0dbe8.css?body=1" for 209.6.116.71 at 2021-03-14 07:05:26 +0000


Started GET "/movies" for 209.6.116.71 at 2021-03-14 07:07:19 +0000
Processing by MoviesController#index as HTML
  [1m[36mMovie Load (0.1ms)[0m  [1mSELECT "movies".* FROM "movies"[0m
  Rendered movies/index.html.erb within layouts/application (1.3ms)
  Rendered layouts/_flash.erb (0.0ms)
Completed 200 OK in 6ms (Views: 6.1ms | ActiveRecord: 0.1ms)


Started GET "/" for 172.254.90.3 at 2021-03-14 07:11:39 +0000


Started GET "/movies" for 172.254.90.3 at 2021-03-14 07:11:39 +0000
Processing by MoviesController#index as HTML
  [1m[36mMovie Load (2.3ms)[0m  [1mSELECT "movies".* FROM "movies"[0m
  Rendered movies/index.html.erb within layouts/application (17.1ms)
  Rendered layouts/_flash.erb (0.3ms)
Completed 200 OK in 213ms (Views: 195.4ms | ActiveRecord: 2.5ms)


Started GET "/assets/jquery_ujs.self-e87806d0cf4489aeb1bb7288016024e8de67fd18db693fe026fe3907581e53cd.js?body=1" for 172.254.90.3 at 2021-03-14 07:11:40 +0000


Started GET "/assets/application.self-377610cd7c1509e934744c810e3b4cf672dfbcacac3274e7d039827e2ae0fcc7.js?body=1" for 172.254.90.3 at 2021-03-14 07:11:40 +0000


Started GET "/assets/jquery.self-660adc51e0224b731d29f575a6f1ec167ba08ad06ed5deca4f1e8654c135bf4c.js?body=1" for 172.254.90.3 at 2021-03-14 07:11:40 +0000


Started GET "/assets/application.self-5dbdcd2fa71fde6e0b26d31433ae4f255100868798b9f458fca357096bc0dbe8.css?body=1" for 172.254.90.3 at 2021-03-14 07:11:40 +0000


Started GET "/movies" for 172.254.90.3 at 2021-03-14 07:11:46 +0000
Processing by MoviesController#index as HTML
  [1m[35mMovie Load (0.1ms)[0m  SELECT "movies".* FROM "movies"
  Rendered movies/index.html.erb within layouts/application (1.0ms)
  Rendered layouts/_flash.erb (0.0ms)
Completed 200 OK in 6ms (Views: 5.6ms | ActiveRecord: 0.1ms)


Started GET "/movies/2" for 172.254.90.3 at 2021-03-14 07:11:52 +0000
Processing by MoviesController#show as HTML
  Parameters: {"id"=>"2"}
  [1m[36mMovie Load (0.2ms)[0m  [1mSELECT  "movies".* FROM "movies" WHERE "movies"."id" = ? LIMIT 1[0m  [["id", 2]]
  Rendered movies/show.html.erb within layouts/application (0.7ms)
  Rendered layouts/_flash.erb (0.4ms)
Completed 200 OK in 28ms (Views: 23.2ms | ActiveRecord: 0.2ms)


Started GET "/movies/new" for 172.254.90.3 at 2021-03-14 07:12:25 +0000
Processing by MoviesController#new as HTML
  Rendered movies/new.html.erb within layouts/application (17.8ms)
  Rendered layouts/_flash.erb (0.1ms)
Completed 200 OK in 35ms (Views: 34.5ms | ActiveRecord: 0.0ms)


Started GET "/movies" for 172.254.90.3 at 2021-03-14 07:12:29 +0000
Processing by MoviesController#index as HTML
  [1m[35mMovie Load (0.1ms)[0m  SELECT "movies".* FROM "movies"
  Rendered movies/index.html.erb within layouts/application (2.6ms)
  Rendered layouts/_flash.erb (0.4ms)
Completed 200 OK in 17ms (Views: 16.5ms | ActiveRecord: 0.1ms)


Started GET "/movies/new" for 172.254.90.3 at 2021-03-14 07:12:35 +0000
Processing by MoviesController#new as HTML
  Rendered movies/new.html.erb within layouts/application (8.1ms)
  Rendered layouts/_flash.erb (0.0ms)
Completed 200 OK in 13ms (Views: 12.9ms | ActiveRecord: 0.0ms)


Started GET "/movies/2" for 172.254.90.3 at 2021-03-14 07:15:49 +0000
Processing by MoviesController#show as HTML
  Parameters: {"id"=>"2"}
  [1m[36mMovie Load (0.1ms)[0m  [1mSELECT  "movies".* FROM "movies" WHERE "movies"."id" = ? LIMIT 1[0m  [["id", 2]]
  Rendered movies/show.html.erb within layouts/application (0.3ms)
  Rendered layouts/_flash.erb (0.0ms)
Completed 200 OK in 10ms (Views: 6.3ms | ActiveRecord: 0.4ms)


Started GET "/movies/2/edit" for 172.254.90.3 at 2021-03-14 07:15:51 +0000
Processing by MoviesController#edit as HTML
  Parameters: {"id"=>"2"}
  [1m[35mMovie Load (0.1ms)[0m  SELECT  "movies".* FROM "movies" WHERE "movies"."id" = ? LIMIT 1  [["id", 2]]
  Rendered movies/edit.html.erb within layouts/application (12.3ms)
  Rendered layouts/_flash.erb (0.0ms)
Completed 200 OK in 22ms (Views: 21.3ms | ActiveRecord: 0.1ms)
  [1m[36mActiveRecord::SchemaMigration Load (0.1ms)[0m  [1mSELECT "schema_migrations".* FROM "schema_migrations"[0m
  [1m[35mActiveRecord::SchemaMigration Load (0.0ms)[0m  SELECT "schema_migrations".* FROM "schema_migrations"
  [1m[36m (93.1ms)[0m  [1mCREATE TABLE "movies" ("id" INTEGER PRIMARY KEY AUTOINCREMENT NOT NULL, "title" varchar, "rating" varchar, "description" text, "release_date" datetime, "created_at" datetime, "updated_at" datetime) [0m
  [1m[35m (98.1ms)[0m  CREATE TABLE "schema_migrations" ("version" varchar NOT NULL) 
  [1m[36m (0.1ms)[0m  [1mselect sqlite_version(*)[0m
  [1m[35m (85.2ms)[0m  CREATE UNIQUE INDEX "unique_schema_migrations" ON "schema_migrations" ("version")
  [1m[36m (0.1ms)[0m  [1mSELECT version FROM "schema_migrations"[0m
  [1m[35m (99.5ms)[0m  INSERT INTO "schema_migrations" (version) VALUES ('20111119180638')


Started GET "/" for 172.254.90.3 at 2021-03-14 07:30:14 +0000


Started GET "/stores" for 172.254.90.3 at 2021-03-14 07:30:14 +0000
Processing by StoresController#index as HTML
  [1m[36mStore Load (0.3ms)[0m  [1mSELECT "stores".* FROM "stores"[0m
  Rendered stores/index.html.erb within layouts/application (3.0ms)
Completed 500 Internal Server Error in 21ms (ActiveRecord: 0.3ms)

ActionView::Template::Error (SQLite3::SQLException: no such table: stores: SELECT "stores".* FROM "stores"):
    24:     </tr>
    25:   </thead>
    26:   <tbody>
    27:     <% @stores.each do |store| %>
    28:       <tr>
    29:         <td>
    30:           <%= store.name %>
  app/views/stores/index.html.erb:27:in `_app_views_stores_index_html_erb___1364145508634283692_69828153022300'


  Rendered /var/lib/gems/2.6.0/gems/actionpack-4.2.10/lib/action_dispatch/middleware/templates/rescues/_source.erb (3.1ms)
  Rendered /var/lib/gems/2.6.0/gems/actionpack-4.2.10/lib/action_dispatch/middleware/templates/rescues/_trace.html.erb (1.4ms)
  Rendered /var/lib/gems/2.6.0/gems/actionpack-4.2.10/lib/action_dispatch/middleware/templates/rescues/_request_and_response.html.erb (5.1ms)
  Rendered /var/lib/gems/2.6.0/gems/actionpack-4.2.10/lib/action_dispatch/middleware/templates/rescues/template_error.html.erb within rescues/layout (16.9ms)
  [1m[36mActiveRecord::SchemaMigration Load (0.1ms)[0m  [1mSELECT "schema_migrations".* FROM "schema_migrations"[0m
  [1m[35mActiveRecord::SchemaMigration Load (0.1ms)[0m  SELECT "schema_migrations".* FROM "schema_migrations"
  [1m[36mActiveRecord::SchemaMigration Load (0.1ms)[0m  [1mSELECT "schema_migrations".* FROM "schema_migrations"[0m
  [1m[35mActiveRecord::SchemaMigration Load (0.0ms)[0m  SELECT "schema_migrations".* FROM "schema_migrations"
  [1m[36m (83.8ms)[0m  [1mCREATE TABLE "movies" ("id" INTEGER PRIMARY KEY AUTOINCREMENT NOT NULL, "title" varchar, "rating" varchar, "description" text, "release_date" datetime, "created_at" datetime, "updated_at" datetime) [0m
  [1m[35m (103.0ms)[0m  CREATE TABLE "schema_migrations" ("version" varchar NOT NULL) 
  [1m[36m (0.1ms)[0m  [1mselect sqlite_version(*)[0m
  [1m[35m (105.8ms)[0m  CREATE UNIQUE INDEX "unique_schema_migrations" ON "schema_migrations" ("version")
  [1m[36m (0.1ms)[0m  [1mSELECT version FROM "schema_migrations"[0m
  [1m[35m (95.0ms)[0m  INSERT INTO "schema_migrations" (version) VALUES ('20111119180638')
  [1m[36mActiveRecord::SchemaMigration Load (0.1ms)[0m  [1mSELECT "schema_migrations".* FROM "schema_migrations"[0m
  [1m[35mActiveRecord::SchemaMigration Load (0.0ms)[0m  SELECT "schema_migrations".* FROM "schema_migrations"


Started GET "/stores" for 172.254.90.3 at 2021-03-14 07:32:07 +0000
Processing by StoresController#index as HTML
  [1m[36mStore Load (0.3ms)[0m  [1mSELECT "stores".* FROM "stores"[0m
  Rendered stores/index.html.erb within layouts/application (2.9ms)
Completed 500 Internal Server Error in 21ms (ActiveRecord: 0.3ms)

ActionView::Template::Error (SQLite3::SQLException: no such table: stores: SELECT "stores".* FROM "stores"):
    24:     </tr>
    25:   </thead>
    26:   <tbody>
    27:     <% @stores.each do |store| %>
    28:       <tr>
    29:         <td>
    30:           <%= store.name %>
  app/views/stores/index.html.erb:27:in `_app_views_stores_index_html_erb___1251437991508307656_70337945451340'


  Rendered /var/lib/gems/2.6.0/gems/actionpack-4.2.10/lib/action_dispatch/middleware/templates/rescues/_source.erb (3.2ms)
  Rendered /var/lib/gems/2.6.0/gems/actionpack-4.2.10/lib/action_dispatch/middleware/templates/rescues/_trace.html.erb (1.4ms)
  Rendered /var/lib/gems/2.6.0/gems/actionpack-4.2.10/lib/action_dispatch/middleware/templates/rescues/_request_and_response.html.erb (5.9ms)
  Rendered /var/lib/gems/2.6.0/gems/actionpack-4.2.10/lib/action_dispatch/middleware/templates/rescues/template_error.html.erb within rescues/layout (16.4ms)


Started GET "/stores" for 172.254.90.3 at 2021-03-14 07:32:08 +0000
Processing by StoresController#index as HTML
  [1m[35mStore Load (0.2ms)[0m  SELECT "stores".* FROM "stores"
  Rendered stores/index.html.erb within layouts/application (0.7ms)
Completed 500 Internal Server Error in 2ms (ActiveRecord: 0.2ms)

ActionView::Template::Error (SQLite3::SQLException: no such table: stores: SELECT "stores".* FROM "stores"):
    24:     </tr>
    25:   </thead>
    26:   <tbody>
    27:     <% @stores.each do |store| %>
    28:       <tr>
    29:         <td>
    30:           <%= store.name %>
  app/views/stores/index.html.erb:27:in `_app_views_stores_index_html_erb___1251437991508307656_70337945451340'


  Rendered /var/lib/gems/2.6.0/gems/actionpack-4.2.10/lib/action_dispatch/middleware/templates/rescues/_source.erb (3.2ms)
  Rendered /var/lib/gems/2.6.0/gems/actionpack-4.2.10/lib/action_dispatch/middleware/templates/rescues/_trace.html.erb (1.5ms)
  Rendered /var/lib/gems/2.6.0/gems/actionpack-4.2.10/lib/action_dispatch/middleware/templates/rescues/_request_and_response.html.erb (0.7ms)
  Rendered /var/lib/gems/2.6.0/gems/actionpack-4.2.10/lib/action_dispatch/middleware/templates/rescues/template_error.html.erb within rescues/layout (11.2ms)
  [1m[36m (78.3ms)[0m  [1mCREATE TABLE "movies" ("id" INTEGER PRIMARY KEY AUTOINCREMENT NOT NULL, "title" varchar, "rating" varchar, "description" text, "release_date" datetime, "created_at" datetime, "updated_at" datetime) [0m
  [1m[35m (92.1ms)[0m  CREATE TABLE "schema_migrations" ("version" varchar NOT NULL) 
  [1m[36m (0.1ms)[0m  [1mselect sqlite_version(*)[0m
  [1m[35m (91.9ms)[0m  CREATE UNIQUE INDEX "unique_schema_migrations" ON "schema_migrations" ("version")
  [1m[36m (0.1ms)[0m  [1mSELECT version FROM "schema_migrations"[0m
  [1m[35m (95.1ms)[0m  INSERT INTO "schema_migrations" (version) VALUES ('20111119180638')
  [1m[36m (77.2ms)[0m  [1mCREATE TABLE "schema_migrations" ("version" varchar NOT NULL) [0m
  [1m[35m (0.1ms)[0m  select sqlite_version(*)
  [1m[36m (87.1ms)[0m  [1mCREATE UNIQUE INDEX "unique_schema_migrations" ON "schema_migrations" ("version")[0m
  [1m[35mActiveRecord::SchemaMigration Load (0.1ms)[0m  SELECT "schema_migrations".* FROM "schema_migrations"
Migrating to CreateMovies (20111119180638)
  [1m[36m (96.0ms)[0m  [1mCREATE TABLE "schema_migrations" ("version" varchar NOT NULL) [0m
  [1m[35m (0.1ms)[0m  select sqlite_version(*)
  [1m[36m (101.5ms)[0m  [1mCREATE UNIQUE INDEX "unique_schema_migrations" ON "schema_migrations" ("version")[0m
  [1m[35mActiveRecord::SchemaMigration Load (0.1ms)[0m  SELECT "schema_migrations".* FROM "schema_migrations"
Migrating to CreateMovies (20111119180638)
  [1m[36m (87.8ms)[0m  [1mCREATE TABLE "stores" ("id" INTEGER PRIMARY KEY AUTOINCREMENT NOT NULL, "name" varchar, "rating" varchar, "description" text) [0m
  [1m[35m (102.1ms)[0m  CREATE TABLE "schema_migrations" ("version" varchar NOT NULL) 
  [1m[36m (0.1ms)[0m  [1mselect sqlite_version(*)[0m
  [1m[35m (96.3ms)[0m  CREATE UNIQUE INDEX "unique_schema_migrations" ON "schema_migrations" ("version")
  [1m[36m (0.1ms)[0m  [1mSELECT version FROM "schema_migrations"[0m
  [1m[35m (87.7ms)[0m  INSERT INTO "schema_migrations" (version) VALUES ('20111119180638')
  [1m[36m (96.3ms)[0m  [1mCREATE TABLE "schema_migrations" ("version" varchar NOT NULL) [0m
  [1m[35m (0.1ms)[0m  select sqlite_version(*)
  [1m[36m (94.4ms)[0m  [1mCREATE UNIQUE INDEX "unique_schema_migrations" ON "schema_migrations" ("version")[0m
  [1m[35mActiveRecord::SchemaMigration Load (0.1ms)[0m  SELECT "schema_migrations".* FROM "schema_migrations"
Migrating to CreateMovies (20111119180638)


Started GET "/stores" for 172.254.90.3 at 2021-03-14 07:36:56 +0000
Processing by StoresController#index as HTML
  [1m[36mStore Load (0.3ms)[0m  [1mSELECT "stores".* FROM "stores"[0m
  Rendered stores/index.html.erb within layouts/application (2.9ms)
Completed 500 Internal Server Error in 21ms (ActiveRecord: 0.3ms)

ActionView::Template::Error (SQLite3::SQLException: no such table: stores: SELECT "stores".* FROM "stores"):
    24:     </tr>
    25:   </thead>
    26:   <tbody>
    27:     <% @stores.each do |store| %>
    28:       <tr>
    29:         <td>
    30:           <%= store.name %>
  app/views/stores/index.html.erb:27:in `_app_views_stores_index_html_erb___2094880971926299563_69931500617460'


  Rendered /var/lib/gems/2.6.0/gems/actionpack-4.2.10/lib/action_dispatch/middleware/templates/rescues/_source.erb (3.2ms)
  Rendered /var/lib/gems/2.6.0/gems/actionpack-4.2.10/lib/action_dispatch/middleware/templates/rescues/_trace.html.erb (1.4ms)
  Rendered /var/lib/gems/2.6.0/gems/actionpack-4.2.10/lib/action_dispatch/middleware/templates/rescues/_request_and_response.html.erb (5.1ms)
  Rendered /var/lib/gems/2.6.0/gems/actionpack-4.2.10/lib/action_dispatch/middleware/templates/rescues/template_error.html.erb within rescues/layout (15.4ms)
  [1m[36mActiveRecord::SchemaMigration Load (0.1ms)[0m  [1mSELECT "schema_migrations".* FROM "schema_migrations"[0m
Migrating to CreateMovies (20111119180638)
  [1m[36mActiveRecord::SchemaMigration Load (0.1ms)[0m  [1mSELECT "schema_migrations".* FROM "schema_migrations"[0m
Migrating to CreateMovies (20111119180638)
  [1m[36m (117.4ms)[0m  [1mCREATE TABLE "stores" ("id" INTEGER PRIMARY KEY AUTOINCREMENT NOT NULL, "name" varchar, "rating" varchar, "description" text) [0m
  [1m[35m (67.5ms)[0m  CREATE TABLE "schema_migrations" ("version" varchar NOT NULL) 
  [1m[36m (0.1ms)[0m  [1mselect sqlite_version(*)[0m
  [1m[35m (77.6ms)[0m  CREATE UNIQUE INDEX "unique_schema_migrations" ON "schema_migrations" ("version")
  [1m[36m (0.1ms)[0m  [1mSELECT version FROM "schema_migrations"[0m
  [1m[35m (74.9ms)[0m  INSERT INTO "schema_migrations" (version) VALUES ('20111119180638')
  [1m[36mActiveRecord::SchemaMigration Load (0.1ms)[0m  [1mSELECT "schema_migrations".* FROM "schema_migrations"[0m
Migrating to CreateMovies (20111119180638)
  [1m[36mActiveRecord::SchemaMigration Load (0.1ms)[0m  [1mSELECT "schema_migrations".* FROM "schema_migrations"[0m
Migrating to CreateMovies (20111119180638)
  [1m[35m (0.0ms)[0m  begin transaction
  [1m[36m (0.3ms)[0m  [1mCREATE TABLE "stores" ("id" INTEGER PRIMARY KEY AUTOINCREMENT NOT NULL, "name" varchar, "rating" varchar, "description" text) [0m
  [1m[35mSQL (0.2ms)[0m  INSERT INTO "schema_migrations" ("version") VALUES (?)  [["version", "20111119180638"]]
  [1m[36m (157.5ms)[0m  [1mcommit transaction[0m
  [1m[35mActiveRecord::SchemaMigration Load (0.0ms)[0m  SELECT "schema_migrations".* FROM "schema_migrations"


Started GET "/" for 172.254.90.3 at 2021-03-14 07:46:21 +0000


Started GET "/stores" for 172.254.90.3 at 2021-03-14 07:46:21 +0000
Processing by StoresController#index as HTML
  [1m[36mStore Load (0.9ms)[0m  [1mSELECT "stores".* FROM "stores"[0m
  Rendered stores/index.html.erb within layouts/application (5.1ms)
  Rendered layouts/_flash.erb (0.3ms)
Completed 200 OK in 156ms (Views: 142.0ms | ActiveRecord: 1.0ms)


Started GET "/stores/new" for 172.254.90.3 at 2021-03-14 07:46:25 +0000
Processing by StoresController#new as HTML
  Rendered stores/new.html.erb within layouts/application (6.0ms)
  Rendered layouts/_flash.erb (0.0ms)
Completed 200 OK in 11ms (Views: 10.4ms | ActiveRecord: 0.0ms)


Started POST "/stores" for 172.254.90.3 at 2021-03-14 07:46:26 +0000
Processing by StoresController#create as HTML
  Parameters: {"utf8"=>"✓", "authenticity_token"=>"Zu9pck02dFdhVMVJ+mWGbTffswXahGUFOCBWjGXqhIB0UECDfk8MzqW4lK2GZZU9FwPakgKVwaGpq5MhQmLGSQ==", "store"=>{"name"=>"a", "rating"=>"G"}, "commit"=>"Save Changes"}
  [1m[35m (0.1ms)[0m  begin transaction
  [1m[36mSQL (0.2ms)[0m  [1mINSERT INTO "stores" ("name", "rating") VALUES (?, ?)[0m  [["name", "a"], ["rating", "G"]]
  [1m[35m (83.0ms)[0m  commit transaction
Completed 500 Internal Server Error in 88ms (ActiveRecord: 83.4ms)

ActionController::UrlGenerationError (No route matches {:action=>"show", :controller=>"stores"} missing required keys: [:id]):
  app/controllers/stores_controller.rb:20:in `create'


  Rendered /var/lib/gems/2.6.0/gems/actionpack-4.2.10/lib/action_dispatch/middleware/templates/rescues/_source.erb (2.4ms)
  Rendered /var/lib/gems/2.6.0/gems/actionpack-4.2.10/lib/action_dispatch/middleware/templates/rescues/_trace.html.erb (1.1ms)
  Rendered /var/lib/gems/2.6.0/gems/actionpack-4.2.10/lib/action_dispatch/middleware/templates/rescues/_request_and_response.html.erb (0.6ms)
  Rendered /var/lib/gems/2.6.0/gems/actionpack-4.2.10/lib/action_dispatch/middleware/templates/rescues/diagnostics.html.erb within rescues/layout (10.2ms)


Started GET "/stores" for 172.254.90.3 at 2021-03-14 07:51:13 +0000
Processing by StoresController#index as HTML
  [1m[36mStore Load (0.9ms)[0m  [1mSELECT "stores".* FROM "stores"[0m
  Rendered stores/index.html.erb within layouts/application (7.1ms)
  Rendered layouts/_flash.erb (0.3ms)
Completed 200 OK in 158ms (Views: 143.3ms | ActiveRecord: 1.1ms)


Started GET "/stores" for 172.254.90.3 at 2021-03-14 07:51:19 +0000
Processing by StoresController#index as HTML
  [1m[35mStore Load (0.1ms)[0m  SELECT "stores".* FROM "stores"
  Rendered stores/index.html.erb within layouts/application (0.6ms)
  Rendered layouts/_flash.erb (0.0ms)
Completed 200 OK in 6ms (Views: 5.2ms | ActiveRecord: 0.1ms)


Started GET "/stores/new" for 172.254.90.3 at 2021-03-14 07:51:25 +0000
Processing by StoresController#new as HTML
  Rendered stores/new.html.erb within layouts/application (6.9ms)
  Rendered layouts/_flash.erb (0.0ms)
Completed 200 OK in 11ms (Views: 11.3ms | ActiveRecord: 0.0ms)


Started GET "/stores" for 172.254.90.3 at 2021-03-14 07:51:27 +0000
Processing by StoresController#index as HTML
  [1m[36mStore Load (0.1ms)[0m  [1mSELECT "stores".* FROM "stores"[0m
  Rendered stores/index.html.erb within layouts/application (0.7ms)
  Rendered layouts/_flash.erb (0.0ms)
Completed 200 OK in 5ms (Views: 5.2ms | ActiveRecord: 0.1ms)


Started GET "/stores/new" for 172.254.90.3 at 2021-03-14 07:51:28 +0000
Processing by StoresController#new as HTML
  Rendered stores/new.html.erb within layouts/application (2.8ms)
  Rendered layouts/_flash.erb (0.0ms)
Completed 200 OK in 17ms (Views: 17.2ms | ActiveRecord: 0.0ms)


Started GET "/stores" for 172.254.90.3 at 2021-03-14 07:51:29 +0000
Processing by StoresController#index as HTML
  [1m[35mStore Load (0.2ms)[0m  SELECT "stores".* FROM "stores"
  Rendered stores/index.html.erb within layouts/application (1.9ms)
  Rendered layouts/_flash.erb (0.9ms)
Completed 200 OK in 22ms (Views: 21.8ms | ActiveRecord: 0.2ms)


Started GET "/stores/new" for 172.254.90.3 at 2021-03-14 07:51:30 +0000
Processing by StoresController#new as HTML
  Rendered stores/new.html.erb within layouts/application (1.7ms)
  Rendered layouts/_flash.erb (0.0ms)
Completed 200 OK in 17ms (Views: 17.3ms | ActiveRecord: 0.0ms)


Started POST "/stores" for 172.254.90.3 at 2021-03-14 07:51:32 +0000
Processing by StoresController#create as HTML
  Parameters: {"utf8"=>"✓", "authenticity_token"=>"K1t/rVcQY6QqYgZvz4fuKnRutVoeilpaEolv15cBKEs55FZcZGkbPe6OV4uzh/16VLLczcab/v6DAqp6sIlqgg==", "store"=>{"name"=>"test", "rating"=>"G"}, "commit"=>"Save Changes"}
  [1m[36m (0.1ms)[0m  [1mbegin transaction[0m
  [1m[35mSQL (0.3ms)[0m  INSERT INTO "stores" ("name", "rating") VALUES (?, ?)  [["name", "test"], ["rating", "G"]]
  [1m[36m (102.2ms)[0m  [1mcommit transaction[0m
Completed 500 Internal Server Error in 108ms (ActiveRecord: 102.5ms)

ActionController::UrlGenerationError (No route matches {:action=>"show", :controller=>"stores"} missing required keys: [:id]):
  app/controllers/stores_controller.rb:20:in `create'


  Rendered /var/lib/gems/2.6.0/gems/actionpack-4.2.10/lib/action_dispatch/middleware/templates/rescues/_source.erb (2.5ms)
  Rendered /var/lib/gems/2.6.0/gems/actionpack-4.2.10/lib/action_dispatch/middleware/templates/rescues/_trace.html.erb (1.2ms)
  Rendered /var/lib/gems/2.6.0/gems/actionpack-4.2.10/lib/action_dispatch/middleware/templates/rescues/_request_and_response.html.erb (0.6ms)
  Rendered /var/lib/gems/2.6.0/gems/actionpack-4.2.10/lib/action_dispatch/middleware/templates/rescues/diagnostics.html.erb within rescues/layout (10.6ms)


Started GET "/stores" for 172.254.90.3 at 2021-03-14 07:51:41 +0000
Processing by StoresController#index as HTML
  [1m[35mStore Load (0.1ms)[0m  SELECT "stores".* FROM "stores"
  Rendered stores/index.html.erb within layouts/application (0.7ms)
  Rendered layouts/_flash.erb (0.0ms)
Completed 200 OK in 6ms (Views: 5.4ms | ActiveRecord: 0.1ms)


Started GET "/stores/new" for 172.254.90.3 at 2021-03-14 07:51:44 +0000
Processing by StoresController#new as HTML
  Rendered stores/new.html.erb within layouts/application (0.7ms)
  Rendered layouts/_flash.erb (0.0ms)
Completed 200 OK in 5ms (Views: 5.2ms | ActiveRecord: 0.0ms)


Started POST "/stores" for 172.254.90.3 at 2021-03-14 07:51:47 +0000
Processing by StoresController#create as HTML
  Parameters: {"utf8"=>"✓", "authenticity_token"=>"nzz9+iAoJ2WI8hXt2g51Fj8QVqkz0fjD024m+yjoRU+Ng9QLE1Ff/EweRAmmDmZGH8w/PuvAXGdC5eNWD2AHhg==", "store"=>{"name"=>"asdf", "rating"=>"G"}, "commit"=>"Save Changes"}
  [1m[36m (0.1ms)[0m  [1mbegin transaction[0m
  [1m[35mSQL (0.3ms)[0m  INSERT INTO "stores" ("name", "rating") VALUES (?, ?)  [["name", "asdf"], ["rating", "G"]]
  [1m[36m (111.0ms)[0m  [1mcommit transaction[0m
Completed 500 Internal Server Error in 113ms (ActiveRecord: 111.3ms)

ActionController::UrlGenerationError (No route matches {:action=>"show", :controller=>"stores"} missing required keys: [:id]):
  app/controllers/stores_controller.rb:20:in `create'


  Rendered /var/lib/gems/2.6.0/gems/actionpack-4.2.10/lib/action_dispatch/middleware/templates/rescues/_source.erb (2.3ms)
  Rendered /var/lib/gems/2.6.0/gems/actionpack-4.2.10/lib/action_dispatch/middleware/templates/rescues/_trace.html.erb (1.2ms)
  Rendered /var/lib/gems/2.6.0/gems/actionpack-4.2.10/lib/action_dispatch/middleware/templates/rescues/_request_and_response.html.erb (0.6ms)
  Rendered /var/lib/gems/2.6.0/gems/actionpack-4.2.10/lib/action_dispatch/middleware/templates/rescues/diagnostics.html.erb within rescues/layout (10.0ms)


Started GET "/stores" for 172.254.90.3 at 2021-03-14 07:54:22 +0000
Processing by StoresController#index as HTML
  [1m[35mStore Load (0.1ms)[0m  SELECT "stores".* FROM "stores"
  Rendered stores/index.html.erb within layouts/application (0.7ms)
  Rendered layouts/_flash.erb (0.1ms)
Completed 200 OK in 6ms (Views: 5.4ms | ActiveRecord: 0.1ms)


Started GET "/stores" for 172.254.90.3 at 2021-03-14 07:54:24 +0000
Processing by StoresController#index as HTML
  [1m[36mStore Load (0.1ms)[0m  [1mSELECT "stores".* FROM "stores"[0m
  Rendered stores/index.html.erb within layouts/application (0.7ms)
  Rendered layouts/_flash.erb (0.0ms)
Completed 200 OK in 5ms (Views: 5.2ms | ActiveRecord: 0.1ms)


Started GET "/assets/jquery.self-660adc51e0224b731d29f575a6f1ec167ba08ad06ed5deca4f1e8654c135bf4c.js?body=1" for 172.254.90.3 at 2021-03-14 07:54:24 +0000


Started GET "/assets/jquery_ujs.self-e87806d0cf4489aeb1bb7288016024e8de67fd18db693fe026fe3907581e53cd.js?body=1" for 172.254.90.3 at 2021-03-14 07:54:24 +0000


Started GET "/assets/application.self-5dbdcd2fa71fde6e0b26d31433ae4f255100868798b9f458fca357096bc0dbe8.css?body=1" for 172.254.90.3 at 2021-03-14 07:54:24 +0000


Started GET "/assets/application.self-377610cd7c1509e934744c810e3b4cf672dfbcacac3274e7d039827e2ae0fcc7.js?body=1" for 172.254.90.3 at 2021-03-14 07:54:24 +0000


Started GET "/stores/1" for 172.254.90.3 at 2021-03-14 07:54:25 +0000
Processing by StoresController#show as HTML
  Parameters: {"id"=>"1"}
  [1m[35mStore Load (0.1ms)[0m  SELECT  "stores".* FROM "stores" WHERE "stores"."id" = ? LIMIT 1  [["id", 1]]
  Rendered stores/show.html.erb within layouts/application (0.6ms)
  Rendered layouts/_flash.erb (0.0ms)
Completed 200 OK in 9ms (Views: 5.4ms | ActiveRecord: 0.1ms)


Started DELETE "/stores/1" for 172.254.90.3 at 2021-03-14 07:54:28 +0000
Processing by StoresController#destroy as HTML
  Parameters: {"authenticity_token"=>"SRPtLnLjzxXhuYhcL70m+9NQUTW7ff+23MWwy0XDZQlbrMTfQZq3jCVV2bhTvTWr84w4omNsWxJNTnVmYksnwA==", "id"=>"1"}
  [1m[36mStore Load (0.1ms)[0m  [1mSELECT  "stores".* FROM "stores" WHERE "stores"."id" = ? LIMIT 1[0m  [["id", 1]]
  [1m[35m (0.1ms)[0m  begin transaction
  [1m[36mSQL (0.2ms)[0m  [1mDELETE FROM "stores" WHERE "stores"."id" = ?[0m  [["id", 1]]
  [1m[35m (100.3ms)[0m  commit transaction
Redirected to https://pirate-table-3000.codio.io/stores
Completed 302 Found in 102ms (ActiveRecord: 100.7ms)


Started GET "/stores" for 172.254.90.3 at 2021-03-14 07:54:28 +0000
Processing by StoresController#index as HTML
  [1m[36mStore Load (0.1ms)[0m  [1mSELECT "stores".* FROM "stores"[0m
  Rendered stores/index.html.erb within layouts/application (0.6ms)
  Rendered layouts/_flash.erb (0.1ms)
Completed 200 OK in 5ms (Views: 5.2ms | ActiveRecord: 0.1ms)


Started GET "/stores/2" for 172.254.90.3 at 2021-03-14 07:54:39 +0000
Processing by StoresController#show as HTML
  Parameters: {"id"=>"2"}
  [1m[35mStore Load (0.1ms)[0m  SELECT  "stores".* FROM "stores" WHERE "stores"."id" = ? LIMIT 1  [["id", 2]]
  Rendered stores/show.html.erb within layouts/application (0.2ms)
  Rendered layouts/_flash.erb (0.0ms)
Completed 200 OK in 5ms (Views: 4.9ms | ActiveRecord: 0.1ms)


Started GET "/stores" for 172.254.90.3 at 2021-03-14 07:54:41 +0000
Processing by StoresController#index as HTML
  [1m[36mStore Load (0.1ms)[0m  [1mSELECT "stores".* FROM "stores"[0m
  Rendered stores/index.html.erb within layouts/application (0.7ms)
  Rendered layouts/_flash.erb (0.0ms)
Completed 200 OK in 5ms (Views: 5.2ms | ActiveRecord: 0.1ms)


Started GET "/" for 172.254.90.3 at 2021-03-14 07:58:21 +0000


Started GET "/stores" for 172.254.90.3 at 2021-03-14 07:58:21 +0000
Processing by StoresController#index as HTML
  [1m[35mStore Load (0.1ms)[0m  SELECT "stores".* FROM "stores"
  Rendered stores/index.html.erb within layouts/application (0.7ms)
  Rendered layouts/_flash.erb (0.1ms)
Completed 200 OK in 8ms (Views: 8.0ms | ActiveRecord: 0.1ms)


Started GET "/stores/2" for 172.254.90.3 at 2021-03-14 07:58:26 +0000
Processing by StoresController#show as HTML
  Parameters: {"id"=>"2"}
  [1m[36mStore Load (0.1ms)[0m  [1mSELECT  "stores".* FROM "stores" WHERE "stores"."id" = ? LIMIT 1[0m  [["id", 2]]
  Rendered stores/show.html.erb within layouts/application (0.7ms)
  Rendered layouts/_flash.erb (0.0ms)
Completed 200 OK in 6ms (Views: 5.5ms | ActiveRecord: 0.1ms)


Started GET "/stores.2" for 172.254.90.3 at 2021-03-14 07:58:28 +0000
Processing by StoresController#index as 
  [1m[35mStore Load (0.1ms)[0m  SELECT "stores".* FROM "stores"
  Rendered stores/index.html.erb within layouts/application (1.1ms)
  Rendered layouts/_flash.erb (0.3ms)
Completed 200 OK in 8ms (Views: 8.0ms | ActiveRecord: 0.1ms)


Started GET "/stores.2" for 172.254.90.3 at 2021-03-14 07:58:31 +0000
Processing by StoresController#index as 
  [1m[36mStore Load (0.1ms)[0m  [1mSELECT "stores".* FROM "stores"[0m
  Rendered stores/index.html.erb within layouts/application (0.7ms)
  Rendered layouts/_flash.erb (0.0ms)
Completed 200 OK in 7ms (Views: 6.9ms | ActiveRecord: 0.1ms)


Started GET "/assets/jquery_ujs.self-e87806d0cf4489aeb1bb7288016024e8de67fd18db693fe026fe3907581e53cd.js?body=1" for 172.254.90.3 at 2021-03-14 07:58:31 +0000


Started GET "/assets/jquery.self-660adc51e0224b731d29f575a6f1ec167ba08ad06ed5deca4f1e8654c135bf4c.js?body=1" for 172.254.90.3 at 2021-03-14 07:58:31 +0000


Started GET "/assets/application.self-377610cd7c1509e934744c810e3b4cf672dfbcacac3274e7d039827e2ae0fcc7.js?body=1" for 172.254.90.3 at 2021-03-14 07:58:31 +0000


Started GET "/assets/application.self-5dbdcd2fa71fde6e0b26d31433ae4f255100868798b9f458fca357096bc0dbe8.css?body=1" for 172.254.90.3 at 2021-03-14 07:58:31 +0000
  [1m[36mActiveRecord::SchemaMigration Load (0.1ms)[0m  [1mSELECT "schema_migrations".* FROM "schema_migrations"[0m
  [1m[35mActiveRecord::SchemaMigration Load (0.1ms)[0m  SELECT "schema_migrations".* FROM "schema_migrations"
  [1m[36m (1.1ms)[0m  [1mCREATE TABLE "stores" ("id" INTEGER PRIMARY KEY AUTOINCREMENT NOT NULL, "name" varchar, "rating" varchar, "description" text) [0m
  [1m[35m (0.8ms)[0m  CREATE TABLE "schema_migrations" ("version" varchar NOT NULL) 
  [1m[36m (0.0ms)[0m  [1mselect sqlite_version(*)[0m
  [1m[35m (0.7ms)[0m  CREATE UNIQUE INDEX "unique_schema_migrations" ON "schema_migrations" ("version")
  [1m[36m (0.1ms)[0m  [1mSELECT version FROM "schema_migrations"[0m
  [1m[35m (0.7ms)[0m  INSERT INTO "schema_migrations" (version) VALUES ('20111119180638')
